<?xml version="1.0" encoding="UTF-8"?>
<!-- Generated by org.testng.reporters.JUnitXMLReporter -->
<testsuite hostname="DESKTOP-SOLO05V" name="testcase1" tests="3" failures="0" timestamp="3 May 2020 09:23:11 GMT" time="67.558" errors="0">
  <testcase name="collectingdata" time="0.672" classname="utils.excelhandling"/>
  <testcase name="createxml" time="0.006" classname="utils.excelhandling"/>
  <testcase name="testngrun" time="66.861" classname="utils.excelhandling"/>
</testsuite> <!-- testcase1 -->
