<?xml version="1.0" encoding="UTF-8"?>
<!-- Generated by org.testng.reporters.JUnitXMLReporter -->
<testsuite hostname="DESKTOP-SOLO05V" name="Default test" tests="3" failures="0" timestamp="24 Apr 2020 13:58:20 GMT" time="80.519" errors="0">
  <testcase name="collectingdata" time="1.036" classname="utils.excelhandling"/>
  <testcase name="createxml" time="0.005" classname="utils.excelhandling"/>
  <testcase name="testngrun" time="79.45" classname="utils.excelhandling"/>
</testsuite> <!-- Default test -->
